current directory: /Users/johnathanhill/Documents/GitHub/WeatherApp/#!/usr/bin/env ruby/gems/io-console-0.7.2/ext/io/console
/Users/johnathanhill/.rbenv/versions/3.1.2/bin/ruby extconf.rb
checking for rb_io_path()... no
checking for rb_io_descriptor()... yes
checking for rb_io_get_write_io()... yes
checking for rb_io_closed_p()... no
checking for rb_io_open_descriptor()... no
checking for termios.h... yes
checking for cfmakeraw() in termios.h... yes
checking for sys/ioctl.h... yes
checking for HAVE_RUBY_FIBER_SCHEDULER_H... yes
creating Makefile

current directory: /Users/johnathanhill/Documents/GitHub/WeatherApp/#!/usr/bin/env ruby/gems/io-console-0.7.2/ext/io/console
make DESTDIR\= sitearchdir\=./.gem.20240203-796-nh4sjj sitelibdir\=./.gem.20240203-796-nh4sjj clean

current directory: /Users/johnathanhill/Documents/GitHub/WeatherApp/#!/usr/bin/env ruby/gems/io-console-0.7.2/ext/io/console
make DESTDIR\= sitearchdir\=./.gem.20240203-796-nh4sjj sitelibdir\=./.gem.20240203-796-nh4sjj
compiling console.c
linking shared-object io/console.bundle

current directory: /Users/johnathanhill/Documents/GitHub/WeatherApp/#!/usr/bin/env ruby/gems/io-console-0.7.2/ext/io/console
make DESTDIR\= sitearchdir\=./.gem.20240203-796-nh4sjj sitelibdir\=./.gem.20240203-796-nh4sjj install
/usr/bin/install -c -m 0755 console.bundle ./.gem.20240203-796-nh4sjj/io

current directory: /Users/johnathanhill/Documents/GitHub/WeatherApp/#!/usr/bin/env ruby/gems/io-console-0.7.2/ext/io/console
make DESTDIR\= sitearchdir\=./.gem.20240203-796-nh4sjj sitelibdir\=./.gem.20240203-796-nh4sjj clean
