current directory: /Users/johnathanhill/Documents/GitHub/WeatherApp/#!/usr/bin/env ruby/gems/fiddle-1.1.2/ext/fiddle
/Users/johnathanhill/.rbenv/versions/3.1.2/bin/ruby extconf.rb
checking for --enable-debug-build option... no
checking for ffi.h... no
checking for ffi/ffi.h... yes
checking for -lffi... yes
checking for undefined FFI_GO_CLOSURES is used... no
libffi_version: 3.4.0
checking for sys/mman.h... yes
checking for link.h... no
checking for dlfcn.h... yes
checking for -ldl... yes
checking for dlopen()... yes
checking for dlclose()... yes
checking for dlsym()... yes
checking for dlerror()... yes
checking for dlinfo()... no
checking for RTLD_DI_LINKMAP in dlfcn.h... no
checking for FFI_STDCALL in ffi/ffi.h... no
checking signedness of size_t... unsigned
creating Makefile

current directory: /Users/johnathanhill/Documents/GitHub/WeatherApp/#!/usr/bin/env ruby/gems/fiddle-1.1.2/ext/fiddle
make DESTDIR\= sitearchdir\=./.gem.20240203-796-owzzca sitelibdir\=./.gem.20240203-796-owzzca clean

current directory: /Users/johnathanhill/Documents/GitHub/WeatherApp/#!/usr/bin/env ruby/gems/fiddle-1.1.2/ext/fiddle
make DESTDIR\= sitearchdir\=./.gem.20240203-796-owzzca sitelibdir\=./.gem.20240203-796-owzzca
compiling closure.c
compiling conversions.c
compiling fiddle.c
compiling function.c
compiling handle.c
compiling memory_view.c
compiling pinned.c
compiling pointer.c
linking shared-object fiddle.bundle
ld: warning: ignoring duplicate libraries: '-lffi'

current directory: /Users/johnathanhill/Documents/GitHub/WeatherApp/#!/usr/bin/env ruby/gems/fiddle-1.1.2/ext/fiddle
make DESTDIR\= sitearchdir\=./.gem.20240203-796-owzzca sitelibdir\=./.gem.20240203-796-owzzca install
/usr/bin/install -c -m 0755 fiddle.bundle ./.gem.20240203-796-owzzca

current directory: /Users/johnathanhill/Documents/GitHub/WeatherApp/#!/usr/bin/env ruby/gems/fiddle-1.1.2/ext/fiddle
make DESTDIR\= sitearchdir\=./.gem.20240203-796-owzzca sitelibdir\=./.gem.20240203-796-owzzca clean
