current directory: /Users/johnathanhill/Documents/GitHub/WeatherApp/#!/usr/bin/env ruby/gems/date-3.3.4/ext/date
/Users/johnathanhill/.rbenv/versions/3.1.2/bin/ruby extconf.rb
checking for rb_category_warn()... yes
checking for timezone in time.h with  -Werror... yes
checking for altzone in time.h with  -Werror... no
creating Makefile

current directory: /Users/johnathanhill/Documents/GitHub/WeatherApp/#!/usr/bin/env ruby/gems/date-3.3.4/ext/date
make DESTDIR\= sitearchdir\=./.gem.20240203-796-g9immq sitelibdir\=./.gem.20240203-796-g9immq clean

current directory: /Users/johnathanhill/Documents/GitHub/WeatherApp/#!/usr/bin/env ruby/gems/date-3.3.4/ext/date
make DESTDIR\= sitearchdir\=./.gem.20240203-796-g9immq sitelibdir\=./.gem.20240203-796-g9immq
compiling date_core.c
compiling date_parse.c
compiling date_strftime.c
compiling date_strptime.c
linking shared-object date_core.bundle

current directory: /Users/johnathanhill/Documents/GitHub/WeatherApp/#!/usr/bin/env ruby/gems/date-3.3.4/ext/date
make DESTDIR\= sitearchdir\=./.gem.20240203-796-g9immq sitelibdir\=./.gem.20240203-796-g9immq install
/usr/bin/install -c -m 0755 date_core.bundle ./.gem.20240203-796-g9immq

current directory: /Users/johnathanhill/Documents/GitHub/WeatherApp/#!/usr/bin/env ruby/gems/date-3.3.4/ext/date
make DESTDIR\= sitearchdir\=./.gem.20240203-796-g9immq sitelibdir\=./.gem.20240203-796-g9immq clean
